[2025-12-28 09:49:19] Daemon started (interval: 5s, auto-commit: false, auto-push: false)
[2025-12-28 09:49:19] Using database: /Users/aaron/Code/reservable/.beads/beads.db
[2025-12-28 09:49:19] Database opened: /Users/aaron/Code/reservable/.beads/beads.db
[2025-12-28 09:49:19] Upgrading .beads/.gitignore...
[2025-12-28 09:49:19] Warning: failed to upgrade .gitignore: open .beads/.gitignore: no such file or directory
[2025-12-28 09:49:19] Repository fingerprint validated: 871e28c8
[2025-12-28 09:49:19] Starting RPC server: /Users/aaron/Code/reservable/.beads/bd.sock
[2025-12-28 09:49:19] RPC server ready (socket listening)
[2025-12-28 09:49:19] Registered in global registry
[2025-12-28 09:49:19] Starting sync cycle...
[2025-12-28 09:49:19] Exported to JSONL
[2025-12-28 09:49:19] Sync branch pull failed: failed to create worktree: failed to create worktree: exit status 128
Output: Preparing worktree (checking out 'main')
fatal: 'main' is already checked out at '/Users/aaron/Code/reservable'

[2025-12-28 09:49:19] Monitoring parent process (PID 0)
[2025-12-28 09:49:19] Using event-driven mode
[2025-12-28 09:49:19] Mutation detected: create reservable-c1d
[2025-12-28 09:49:19] Export triggered by mutation events
[2025-12-28 09:49:19] Starting export...
[2025-12-28 09:49:19] Exported to JSONL
[2025-12-28 09:49:19] JSONL removed/renamed, re-establishing watch
[2025-12-28 09:49:19] Export complete
[2025-12-28 09:49:19] Successfully re-established JSONL watch after 50ms
[2025-12-28 09:49:19] JSONL file created: /Users/aaron/Code/reservable/.beads/issues.jsonl
[2025-12-28 09:49:20] Import triggered by file change
[2025-12-28 09:49:20] Starting auto-import...
[2025-12-28 09:49:20] Skipping auto-import: JSONL content unchanged
[2025-12-28 09:51:33] Mutation detected: create reservable-mpp
[2025-12-28 09:51:33] Export triggered by mutation events
[2025-12-28 09:51:33] Starting export...
[2025-12-28 09:51:33] Exported to JSONL
[2025-12-28 09:51:33] JSONL removed/renamed, re-establishing watch
[2025-12-28 09:51:33] Export complete
[2025-12-28 09:51:33] Successfully re-established JSONL watch after 50ms
[2025-12-28 09:51:33] JSONL file created: /Users/aaron/Code/reservable/.beads/issues.jsonl
[2025-12-28 09:51:34] Import triggered by file change
[2025-12-28 09:51:34] Starting auto-import...
[2025-12-28 09:51:34] Skipping auto-import: JSONL content unchanged
[2025-12-28 09:51:40] Mutation detected: create reservable-51i
[2025-12-28 09:51:40] Export triggered by mutation events
[2025-12-28 09:51:40] Starting export...
[2025-12-28 09:51:40] Exported to JSONL
[2025-12-28 09:51:40] JSONL removed/renamed, re-establishing watch
[2025-12-28 09:51:40] Export complete
[2025-12-28 09:51:41] Successfully re-established JSONL watch after 50ms
[2025-12-28 09:51:41] JSONL file created: /Users/aaron/Code/reservable/.beads/issues.jsonl
[2025-12-28 09:51:42] Import triggered by file change
[2025-12-28 09:51:42] Starting auto-import...
[2025-12-28 09:51:42] Skipping auto-import: JSONL content unchanged
[2025-12-28 09:51:47] Mutation detected: create reservable-1uh
[2025-12-28 09:51:47] Export triggered by mutation events
[2025-12-28 09:51:47] Starting export...
[2025-12-28 09:51:47] Exported to JSONL
[2025-12-28 09:51:47] JSONL removed/renamed, re-establishing watch
[2025-12-28 09:51:47] Export complete
[2025-12-28 09:51:47] Successfully re-established JSONL watch after 50ms
[2025-12-28 09:51:47] JSONL file created: /Users/aaron/Code/reservable/.beads/issues.jsonl
[2025-12-28 09:51:48] Import triggered by file change
[2025-12-28 09:51:48] Starting auto-import...
[2025-12-28 09:51:48] Skipping auto-import: JSONL content unchanged
[2025-12-28 09:51:54] Mutation detected: create reservable-9kf
[2025-12-28 09:51:55] Export triggered by mutation events
[2025-12-28 09:51:55] Starting export...
[2025-12-28 09:51:55] Exported to JSONL
[2025-12-28 09:51:55] JSONL removed/renamed, re-establishing watch
[2025-12-28 09:51:55] Export complete
[2025-12-28 09:51:55] Successfully re-established JSONL watch after 50ms
[2025-12-28 09:51:55] JSONL file created: /Users/aaron/Code/reservable/.beads/issues.jsonl
[2025-12-28 09:51:56] Import triggered by file change
[2025-12-28 09:51:56] Starting auto-import...
[2025-12-28 09:51:56] Skipping auto-import: JSONL content unchanged
[2025-12-28 09:52:05] Mutation detected: create reservable-izr
[2025-12-28 09:52:06] Export triggered by mutation events
[2025-12-28 09:52:06] Starting export...
[2025-12-28 09:52:06] Exported to JSONL
[2025-12-28 09:52:06] JSONL removed/renamed, re-establishing watch
[2025-12-28 09:52:06] Export complete
[2025-12-28 09:52:06] Successfully re-established JSONL watch after 50ms
[2025-12-28 09:52:06] JSONL file created: /Users/aaron/Code/reservable/.beads/issues.jsonl
[2025-12-28 09:52:07] Import triggered by file change
[2025-12-28 09:52:07] Starting auto-import...
[2025-12-28 09:52:07] Skipping auto-import: JSONL content unchanged
[2025-12-28 09:52:12] Mutation detected: create reservable-jxv
[2025-12-28 09:52:12] Export triggered by mutation events
[2025-12-28 09:52:12] Starting export...
[2025-12-28 09:52:12] Exported to JSONL
[2025-12-28 09:52:12] JSONL removed/renamed, re-establishing watch
[2025-12-28 09:52:12] Export complete
[2025-12-28 09:52:12] Successfully re-established JSONL watch after 50ms
[2025-12-28 09:52:12] JSONL file created: /Users/aaron/Code/reservable/.beads/issues.jsonl
[2025-12-28 09:52:13] Import triggered by file change
[2025-12-28 09:52:13] Starting auto-import...
[2025-12-28 09:52:13] Skipping auto-import: JSONL content unchanged
[2025-12-28 09:52:20] Mutation detected: create reservable-wi0
[2025-12-28 09:52:20] Export triggered by mutation events
[2025-12-28 09:52:20] Starting export...
[2025-12-28 09:52:20] Exported to JSONL
[2025-12-28 09:52:20] JSONL removed/renamed, re-establishing watch
[2025-12-28 09:52:20] Export complete
[2025-12-28 09:52:20] Successfully re-established JSONL watch after 50ms
[2025-12-28 09:52:20] JSONL file created: /Users/aaron/Code/reservable/.beads/issues.jsonl
[2025-12-28 09:52:21] Import triggered by file change
[2025-12-28 09:52:21] Starting auto-import...
[2025-12-28 09:52:21] Skipping auto-import: JSONL content unchanged
[2025-12-28 09:52:27] Mutation detected: create reservable-g9j
[2025-12-28 09:52:28] Export triggered by mutation events
[2025-12-28 09:52:28] Starting export...
[2025-12-28 09:52:28] Exported to JSONL
[2025-12-28 09:52:28] JSONL removed/renamed, re-establishing watch
[2025-12-28 09:52:28] Export complete
[2025-12-28 09:52:28] Successfully re-established JSONL watch after 50ms
[2025-12-28 09:52:28] JSONL file created: /Users/aaron/Code/reservable/.beads/issues.jsonl
[2025-12-28 09:52:29] Import triggered by file change
[2025-12-28 09:52:29] Starting auto-import...
[2025-12-28 09:52:29] Skipping auto-import: JSONL content unchanged
[2025-12-28 09:58:53] JSONL removed/renamed, re-establishing watch
[2025-12-28 09:58:53] Successfully re-established JSONL watch after 50ms
[2025-12-28 09:58:53] JSONL file created: /Users/aaron/Code/reservable/.beads/issues.jsonl
[2025-12-28 09:58:54] Import triggered by file change
[2025-12-28 09:58:54] Starting auto-import...
[2025-12-28 09:58:54] JSONL content changed, proceeding with auto-import...
[2025-12-28 09:58:54] Sync branch pull failed: failed to create worktree: failed to create worktree: exit status 128
Output: Preparing worktree (checking out 'main')
fatal: 'main' is already checked out at '/Users/aaron/Code/reservable'

[2025-12-28 10:03:18] Mutation detected: update reservable-c1d
[2025-12-28 10:03:18] Mutation detected: update reservable-mpp
[2025-12-28 10:03:18] Mutation detected: update reservable-51i
[2025-12-28 10:03:18] Mutation detected: update reservable-1uh
[2025-12-28 10:03:18] Mutation detected: update reservable-9kf
[2025-12-28 10:03:18] Mutation detected: update reservable-jxv
[2025-12-28 10:03:18] Mutation detected: update reservable-izr
[2025-12-28 10:03:18] Mutation detected: update reservable-g9j
[2025-12-28 10:03:18] Export triggered by mutation events
[2025-12-28 10:03:18] Starting export...
[2025-12-28 10:03:18] Exported to JSONL
[2025-12-28 10:03:18] JSONL removed/renamed, re-establishing watch
[2025-12-28 10:03:18] Export complete
[2025-12-28 10:03:18] Successfully re-established JSONL watch after 50ms
[2025-12-28 10:03:18] JSONL file created: /Users/aaron/Code/reservable/.beads/issues.jsonl
[2025-12-28 10:03:19] Import triggered by file change
[2025-12-28 10:03:19] Starting auto-import...
[2025-12-28 10:03:19] Skipping auto-import: JSONL content unchanged
[2025-12-28 11:42:08] JSONL removed/renamed, re-establishing watch
[2025-12-28 11:42:08] Successfully re-established JSONL watch after 50ms
[2025-12-28 11:42:08] JSONL file created: /Users/aaron/Code/reservable/.beads/issues.jsonl
[2025-12-28 11:42:09] Import triggered by file change
[2025-12-28 11:42:09] Starting auto-import...
[2025-12-28 11:42:09] Skipping auto-import: JSONL content unchanged
[2025-12-28 11:42:22] JSONL removed/renamed, re-establishing watch
[2025-12-28 11:42:22] Successfully re-established JSONL watch after 50ms
[2025-12-28 11:42:22] JSONL file created: /Users/aaron/Code/reservable/.beads/issues.jsonl
[2025-12-28 11:42:23] Import triggered by file change
[2025-12-28 11:42:23] Starting auto-import...
[2025-12-28 11:42:23] Skipping auto-import: JSONL content unchanged
[2025-12-28 11:53:25] JSONL removed/renamed, re-establishing watch
[2025-12-28 11:53:25] Successfully re-established JSONL watch after 50ms
[2025-12-28 11:53:25] JSONL file created: /Users/aaron/Code/reservable/.beads/issues.jsonl
[2025-12-28 11:53:26] Import triggered by file change
[2025-12-28 11:53:26] Starting auto-import...
[2025-12-28 11:53:26] Skipping auto-import: JSONL content unchanged
[2025-12-28 11:53:36] Git HEAD change detected: /Users/aaron/Code/reservable/.git/HEAD
[2025-12-28 11:53:37] Import triggered by file change
[2025-12-28 11:53:37] Starting auto-import...
[2025-12-28 11:53:37] Skipping auto-import: JSONL content unchanged
[2025-12-28 11:53:50] Git HEAD change detected: /Users/aaron/Code/reservable/.git/HEAD
[2025-12-28 11:53:51] Import triggered by file change
[2025-12-28 11:53:51] Starting auto-import...
[2025-12-28 11:53:51] Skipping auto-import: JSONL content unchanged
[2025-12-28 11:56:24] JSONL removed/renamed, re-establishing watch
[2025-12-28 11:56:24] Successfully re-established JSONL watch after 50ms
[2025-12-28 11:56:24] JSONL file created: /Users/aaron/Code/reservable/.beads/issues.jsonl
[2025-12-28 11:56:25] Import triggered by file change
[2025-12-28 11:56:25] Starting auto-import...
[2025-12-28 11:56:25] Skipping auto-import: JSONL content unchanged
[2025-12-28 12:31:52] JSONL removed/renamed, re-establishing watch
[2025-12-28 12:31:52] Successfully re-established JSONL watch after 50ms
[2025-12-28 12:31:52] JSONL file created: /Users/aaron/Code/reservable/.beads/issues.jsonl
[2025-12-28 12:31:53] Import triggered by file change
[2025-12-28 12:31:53] Starting auto-import...
[2025-12-28 12:31:53] Skipping auto-import: JSONL content unchanged
